<?xml version="1.0" encoding="UTF-8" standalone="yes"?>
<testsuites name="IP-034 ( Property List )" time="57" tests="1" failures="0" errors="0">
    <testsuite name="IP-034 ( Property List )" tests="1" failures="0" errors="0" time="57" timestamp="2019-09-03 09:54:04" hostname="refqi - 10.250.250.58" id="Test Suites/IP-034 ( Property List )">
        <properties>
[...]
</properties>
        <testcase name="Test Cases/IP0-34 ( Property List )" classname="Test Cases/IP0-34 ( Property List )" status="PASSED">
            <system-out>2019-09-03 09:54:05 - [TEST_CASE][PASSED] - Test Cases/IP0-34 ( Property List ): Test Cases/IP0-34 ( Property List )

2019-09-03 09:54:05 - [TEST_STEP][PASSED] - callTestCase(findTestCase("IP-001 (Login hit berkali kali)"), ["Email":"aaa@gmail.com", "Password":"123445656"], STOP_ON_FAILURE): Call Test Case 'Test Cases/IP-001 (Login hit berkali kali)' successfully

2019-09-03 09:54:05 - [TEST_CASE][PASSED] - Test Cases/IP-001 (Login hit berkali kali): Test Cases/IP-001 (Login hit berkali kali)

2019-09-03 09:54:05 - [TEST_STEP][PASSED] - openBrowser("http://kamisa.web.iprop-dev.com/login"): Browser is opened with url: 'http://kamisa.web.iprop-dev.com/login'

2019-09-03 09:54:05 - [MESSAGE][INFO] - Starting 'Chrome' driver

2019-09-03 09:54:06 - [MESSAGE][INFO] - Action delay is set to 0 seconds

2019-09-03 09:54:09 - [MESSAGE][PASSED] - Browser is opened with url: 'http://kamisa.web.iprop-dev.com/login'

2019-09-03 09:54:09 - [TEST_STEP][PASSED] - delay(3): Delayed 3 second(s)

2019-09-03 09:54:12 - [MESSAGE][PASSED] - Delayed 3 second(s)

2019-09-03 09:54:12 - [TEST_STEP][PASSED] - setText(findTestObject("Page_iPropio - Login/input_Email_email"), "didinonpqcms@gmail.com"): Text 'didinonpqcms@gmail.com' is set on object 'Object Repository/Page_iPropio - Login/input_Email_email'

2019-09-03 09:54:13 - [MESSAGE][PASSED] - Text 'didinonpqcms@gmail.com' is set on object 'Object Repository/Page_iPropio - Login/input_Email_email'

2019-09-03 09:54:13 - [TEST_STEP][PASSED] - delay(5): Delayed 5 second(s)

2019-09-03 09:54:18 - [MESSAGE][PASSED] - Delayed 5 second(s)

2019-09-03 09:54:18 - [TEST_STEP][PASSED] - takeScreenshot("/Users/refqi/Documents/webippro/4.png"): Taking screenshot successfully

2019-09-03 09:54:19 - [MESSAGE][PASSED] - Taking screenshot successfully
[[ATTACHMENT|/Users/refqi/Documents/webippro/4.png]]

2019-09-03 09:54:19 - [TEST_STEP][PASSED] - setText(findTestObject("Page_iPropio - Login/input_Password_password"), "testing12345"): Text 'testing12345' is set on object 'Object Repository/Page_iPropio - Login/input_Password_password'

2019-09-03 09:54:19 - [MESSAGE][PASSED] - Text 'testing12345' is set on object 'Object Repository/Page_iPropio - Login/input_Password_password'

2019-09-03 09:54:19 - [TEST_STEP][PASSED] - delay(3): Delayed 3 second(s)

2019-09-03 09:54:22 - [MESSAGE][PASSED] - Delayed 3 second(s)

2019-09-03 09:54:22 - [TEST_STEP][PASSED] - takeScreenshot("/Users/refqi/Documents/webippro/5.png"): Taking screenshot successfully

2019-09-03 09:54:23 - [MESSAGE][PASSED] - Taking screenshot successfully
[[ATTACHMENT|/Users/refqi/Documents/webippro/5.png]]

2019-09-03 09:54:23 - [TEST_STEP][PASSED] - click(findTestObject("Page_iPropio - Login/button_Login Now")): Object: 'Object Repository/Page_iPropio - Login/button_Login Now' is clicked on

2019-09-03 09:54:23 - [MESSAGE][PASSED] - Object: 'Object Repository/Page_iPropio - Login/button_Login Now' is clicked on

2019-09-03 09:54:23 - [MESSAGE][PASSED] - Call Test Case 'Test Cases/IP-001 (Login hit berkali kali)' successfully

2019-09-03 09:54:23 - [TEST_STEP][PASSED] - click(findTestObject("Object Repository/Report Property List/div_Reports")): Object: 'Object Repository/Report Property List/div_Reports' is clicked on

2019-09-03 09:54:24 - [MESSAGE][PASSED] - Object: 'Object Repository/Report Property List/div_Reports' is clicked on

2019-09-03 09:54:24 - [TEST_STEP][PASSED] - click(findTestObject("Report Property List/a_Property List")): Object: 'Object Repository/Report Property List/a_Property List' is clicked on

2019-09-03 09:54:24 - [MESSAGE][PASSED] - Object: 'Object Repository/Report Property List/a_Property List' is clicked on

2019-09-03 09:54:24 - [TEST_STEP][PASSED] - setText(findTestObject("Report Property List/input_House Number___BVID__171"), "2"): Text '2' is set on object 'Object Repository/Report Property List/input_House Number___BVID__171'

2019-09-03 09:54:25 - [MESSAGE][PASSED] - Text '2' is set on object 'Object Repository/Report Property List/input_House Number___BVID__171'

2019-09-03 09:54:25 - [TEST_STEP][PASSED] - clearText(findTestObject("Report Property List/input_House Number___BVID__171"), STOP_ON_FAILURE): Text of object 'Object Repository/Report Property List/input_House Number___BVID__171' is cleared

2019-09-03 09:54:25 - [MESSAGE][PASSED] - Text of object 'Object Repository/Report Property List/input_House Number___BVID__171' is cleared

2019-09-03 09:54:25 - [TEST_STEP][PASSED] - delay(1): Delayed 1 second(s)

2019-09-03 09:54:26 - [MESSAGE][PASSED] - Delayed 1 second(s)

2019-09-03 09:54:26 - [TEST_STEP][PASSED] - takeScreenshot(): Taking screenshot successfully

2019-09-03 09:54:26 - [MESSAGE][PASSED] - Taking screenshot successfully
[[ATTACHMENT|/Users/refqi/Katalon Studio/ipropio otomasi/Reports/20190903_095402/IP-034 ( Property List )/20190903_095402/1567479266691.png]]

2019-09-03 09:54:26 - [TEST_STEP][PASSED] - click(findTestObject("Report Property List/input_Street Name_vs__search")): Object: 'Object Repository/Report Property List/input_Street Name_vs__search' is clicked on

2019-09-03 09:54:27 - [MESSAGE][PASSED] - Object: 'Object Repository/Report Property List/input_Street Name_vs__search' is clicked on

2019-09-03 09:54:27 - [TEST_STEP][PASSED] - click(findTestObject("Report Property List/li_Jl Mentari Bersinar"), STOP_ON_FAILURE): Object: 'Object Repository/Report Property List/li_Jl Mentari Bersinar' is clicked on

2019-09-03 09:54:27 - [MESSAGE][PASSED] - Object: 'Object Repository/Report Property List/li_Jl Mentari Bersinar' is clicked on

2019-09-03 09:54:27 - [TEST_STEP][PASSED] - takeScreenshot(): Taking screenshot successfully

2019-09-03 09:54:27 - [MESSAGE][PASSED] - Taking screenshot successfully
[[ATTACHMENT|/Users/refqi/Katalon Studio/ipropio otomasi/Reports/20190903_095402/IP-034 ( Property List )/20190903_095402/1567479267311.png]]

2019-09-03 09:54:27 - [TEST_STEP][PASSED] - clearText(findTestObject("Report Property List/input_Street Name_vs__search")): Text of object 'Object Repository/Report Property List/input_Street Name_vs__search' is cleared

2019-09-03 09:54:27 - [MESSAGE][PASSED] - Text of object 'Object Repository/Report Property List/input_Street Name_vs__search' is cleared

2019-09-03 09:54:27 - [TEST_STEP][PASSED] - delay(1): Delayed 1 second(s)

2019-09-03 09:54:28 - [MESSAGE][PASSED] - Delayed 1 second(s)

2019-09-03 09:54:28 - [TEST_STEP][PASSED] - click(findTestObject("Report Property List/input_Property Type_vs__search")): Object: 'Object Repository/Report Property List/input_Property Type_vs__search' is clicked on

2019-09-03 09:54:28 - [MESSAGE][PASSED] - Object: 'Object Repository/Report Property List/input_Property Type_vs__search' is clicked on

2019-09-03 09:54:28 - [TEST_STEP][PASSED] - click(findTestObject("Report Property List/li_Condominiums")): Object: 'Object Repository/Report Property List/li_Condominiums' is clicked on

2019-09-03 09:54:29 - [MESSAGE][PASSED] - Object: 'Object Repository/Report Property List/li_Condominiums' is clicked on

2019-09-03 09:54:29 - [TEST_STEP][PASSED] - takeScreenshot(): Taking screenshot successfully

2019-09-03 09:54:29 - [MESSAGE][PASSED] - Taking screenshot successfully
[[ATTACHMENT|/Users/refqi/Katalon Studio/ipropio otomasi/Reports/20190903_095402/IP-034 ( Property List )/20190903_095402/1567479269098.png]]

2019-09-03 09:54:29 - [TEST_STEP][PASSED] - clearText(findTestObject("Report Property List/input_Property Type_vs__search")): Text of object 'Object Repository/Report Property List/input_Property Type_vs__search' is cleared

2019-09-03 09:54:29 - [MESSAGE][PASSED] - Text of object 'Object Repository/Report Property List/input_Property Type_vs__search' is cleared

2019-09-03 09:54:29 - [TEST_STEP][PASSED] - delay(1): Delayed 1 second(s)

2019-09-03 09:54:30 - [MESSAGE][PASSED] - Delayed 1 second(s)

2019-09-03 09:54:30 - [TEST_STEP][PASSED] - click(findTestObject("Report Property List/input_Property Status_vs__search")): Object: 'Object Repository/Report Property List/input_Property Status_vs__search' is clicked on

2019-09-03 09:54:30 - [MESSAGE][PASSED] - Object: 'Object Repository/Report Property List/input_Property Status_vs__search' is clicked on

2019-09-03 09:54:30 - [TEST_STEP][PASSED] - click(findTestObject("Report Property List/li_Resident")): Object: 'Object Repository/Report Property List/li_Resident' is clicked on

2019-09-03 09:54:30 - [MESSAGE][PASSED] - Object: 'Object Repository/Report Property List/li_Resident' is clicked on

2019-09-03 09:54:30 - [TEST_STEP][PASSED] - takeScreenshot(): Taking screenshot successfully

2019-09-03 09:54:31 - [MESSAGE][PASSED] - Taking screenshot successfully
[[ATTACHMENT|/Users/refqi/Katalon Studio/ipropio otomasi/Reports/20190903_095402/IP-034 ( Property List )/20190903_095402/1567479270887.png]]

2019-09-03 09:54:31 - [TEST_STEP][PASSED] - delay(1): Delayed 1 second(s)

2019-09-03 09:54:32 - [MESSAGE][PASSED] - Delayed 1 second(s)

2019-09-03 09:54:32 - [TEST_STEP][PASSED] - click(findTestObject("Report Property List/input_Property Status_vs__search")): Object: 'Object Repository/Report Property List/input_Property Status_vs__search' is clicked on

2019-09-03 09:54:32 - [MESSAGE][PASSED] - Object: 'Object Repository/Report Property List/input_Property Status_vs__search' is clicked on

2019-09-03 09:54:32 - [TEST_STEP][PASSED] - click(findTestObject("Object Repository/Report Property List/li_No Resident")): Object: 'Object Repository/Report Property List/li_No Resident' is clicked on

2019-09-03 09:54:32 - [MESSAGE][PASSED] - Object: 'Object Repository/Report Property List/li_No Resident' is clicked on

2019-09-03 09:54:32 - [TEST_STEP][PASSED] - takeScreenshot(): Taking screenshot successfully

2019-09-03 09:54:32 - [MESSAGE][PASSED] - Taking screenshot successfully
[[ATTACHMENT|/Users/refqi/Katalon Studio/ipropio otomasi/Reports/20190903_095402/IP-034 ( Property List )/20190903_095402/1567479272490.png]]

2019-09-03 09:54:32 - [TEST_STEP][PASSED] - delay(1): Delayed 1 second(s)

2019-09-03 09:54:33 - [MESSAGE][PASSED] - Delayed 1 second(s)

2019-09-03 09:54:33 - [TEST_STEP][PASSED] - click(findTestObject("Object Repository/Report Property List/a_Edit")): Object: 'Object Repository/Report Property List/a_Edit' is clicked on

2019-09-03 09:54:33 - [MESSAGE][PASSED] - Object: 'Object Repository/Report Property List/a_Edit' is clicked on

2019-09-03 09:54:33 - [TEST_STEP][PASSED] - click(findTestObject("Report Property List/input_Bungalow_vs__search")): Object: 'Object Repository/Report Property List/input_Bungalow_vs__search' is clicked on

2019-09-03 09:54:34 - [MESSAGE][PASSED] - Object: 'Object Repository/Report Property List/input_Bungalow_vs__search' is clicked on

2019-09-03 09:54:34 - [TEST_STEP][PASSED] - click(findTestObject("Report Property List/li_Bungalow")): Object: 'Object Repository/Report Property List/li_Bungalow' is clicked on

2019-09-03 09:55:01 - [MESSAGE][PASSED] - Object: 'Object Repository/Report Property List/li_Bungalow' is clicked on

2019-09-03 09:55:01 - [TEST_STEP][PASSED] - click(findTestObject("Object Repository/Report Property List/button_Update Property Details")): Object: 'Object Repository/Report Property List/button_Update Property Details' is clicked on

2019-09-03 09:55:01 - [MESSAGE][PASSED] - Object: 'Object Repository/Report Property List/button_Update Property Details' is clicked on

2019-09-03 09:55:01 - [TEST_STEP][PASSED] - takeScreenshot(): Taking screenshot successfully

2019-09-03 09:55:01 - [MESSAGE][PASSED] - Taking screenshot successfully
[[ATTACHMENT|/Users/refqi/Katalon Studio/ipropio otomasi/Reports/20190903_095402/IP-034 ( Property List )/20190903_095402/1567479301316.png]]

2019-09-03 09:55:01 - [TEST_STEP][PASSED] - closeBrowser(): Browser is closed

2019-09-03 09:55:01 - [MESSAGE][PASSED] - Browser is closed</system-out>
            <system-err></system-err>
        </testcase>
        <system-out>2019-09-03 09:54:04 - [TEST_SUITE][INCOMPLETE] - IP-034 ( Property List ): null</system-out>
        <system-err>2019-09-03 09:54:04 - [TEST_SUITE][INCOMPLETE] - IP-034 ( Property List ): null</system-err>
    </testsuite>
</testsuites>
